{
  "RSpec": {
    "coverage": {
      "C:/Users/User/OneDrive/Documents/NCSU/ECE517/Project2New/ece517p2/project2_1/app/models/user.rb": [
        1,
        null,
        null,
        1,
        null,
        null,
        null,
        1,
        1,
        1,
        1,
        1,
        1,
        null,
        null,
        null,
        null,
        1,
        0,
        0,
        null,
        null,
        0,
        0,
        null,
        null,
        null,
        null,
        null,
        null,
        0,
        null,
        null,
        null
      ],
      "C:/Users/User/OneDrive/Documents/NCSU/ECE517/Project2New/ece517p2/project2_1/app/models/application_record.rb": [
        1,
        1,
        null
      ],
      "C:/Users/User/OneDrive/Documents/NCSU/ECE517/Project2New/ece517p2/project2_1/app/helpers/application_helper.rb": [
        1,
        null
      ],
      "C:/Users/User/OneDrive/Documents/NCSU/ECE517/Project2New/ece517p2/project2_1/app/helpers/bookmarks_helper.rb": [
        1,
        null
      ],
      "C:/Users/User/OneDrive/Documents/NCSU/ECE517/Project2New/ece517p2/project2_1/app/helpers/books_helper.rb": [
        1,
        null
      ],
      "C:/Users/User/OneDrive/Documents/NCSU/ECE517/Project2New/ece517p2/project2_1/app/helpers/home_helper.rb": [
        1,
        null
      ],
      "C:/Users/User/OneDrive/Documents/NCSU/ECE517/Project2New/ece517p2/project2_1/app/helpers/photos_helper.rb": [
        1,
        null
      ],
      "C:/Users/User/OneDrive/Documents/NCSU/ECE517/Project2New/ece517p2/project2_1/app/helpers/reviews_helper.rb": [
        1,
        null
      ],
      "C:/Users/User/OneDrive/Documents/NCSU/ECE517/Project2New/ece517p2/project2_1/app/helpers/tours_helper.rb": [
        1,
        null
      ],
      "C:/Users/User/OneDrive/Documents/NCSU/ECE517/Project2New/ece517p2/project2_1/app/helpers/waitlists_helper.rb": [
        1,
        null
      ],
      "C:/Users/User/OneDrive/Documents/NCSU/ECE517/Project2New/ece517p2/project2_1/app/models/tour.rb": [
        1,
        null,
        null,
        null,
        null,
        null,
        null,
        null,
        null,
        null,
        null,
        null,
        null,
        null,
        1,
        1,
        1,
        1,
        1,
        1,
        1,
        null,
        1,
        1,
        1,
        1,
        1,
        null,
        1,
        1,
        1,
        null,
        1,
        1,
        1,
        null,
        null,
        null,
        null,
        1,
        0,
        null,
        null,
        1,
        null,
        1,
        9,
        0,
        7,
        null,
        null,
        null
      ],
      "C:/Users/User/OneDrive/Documents/NCSU/ECE517/Project2New/ece517p2/project2_1/app/channels/application_cable/channel.rb": [
        0,
        0,
        0,
        0
      ],
      "C:/Users/User/OneDrive/Documents/NCSU/ECE517/Project2New/ece517p2/project2_1/app/channels/application_cable/connection.rb": [
        0,
        0,
        0,
        0
      ],
      "C:/Users/User/OneDrive/Documents/NCSU/ECE517/Project2New/ece517p2/project2_1/app/controllers/admin/application_controller.rb": [
        null,
        null,
        null,
        null,
        null,
        null,
        0,
        0,
        null,
        null,
        null,
        null,
        null,
        null,
        null,
        null,
        null,
        0,
        0,
        0,
        0,
        0
      ],
      "C:/Users/User/OneDrive/Documents/NCSU/ECE517/Project2New/ece517p2/project2_1/app/controllers/admin/books_controller.rb": [
        0,
        0,
        null,
        null,
        null,
        null,
        null,
        null,
        null,
        null,
        null,
        null,
        null,
        null,
        null,
        null,
        null,
        0,
        0,
        0,
        null,
        null,
        0,
        0
      ],
      "C:/Users/User/OneDrive/Documents/NCSU/ECE517/Project2New/ece517p2/project2_1/app/controllers/admin/photos_controller.rb": [
        0,
        0,
        null,
        null,
        null,
        null,
        null,
        null,
        null,
        null,
        null,
        null,
        null,
        null,
        null,
        null,
        0,
        0,
        0,
        null,
        null,
        null,
        0,
        0
      ],
      "C:/Users/User/OneDrive/Documents/NCSU/ECE517/Project2New/ece517p2/project2_1/app/controllers/admin/reviews_controller.rb": [
        0,
        0,
        null,
        null,
        null,
        null,
        null,
        null,
        null,
        null,
        null,
        null,
        null,
        null,
        null,
        null,
        null,
        null,
        null,
        0,
        0
      ],
      "C:/Users/User/OneDrive/Documents/NCSU/ECE517/Project2New/ece517p2/project2_1/app/controllers/admin/tours_controller.rb": [
        0,
        0,
        null,
        null,
        null,
        null,
        null,
        null,
        null,
        null,
        null,
        null,
        null,
        null,
        null,
        null,
        null,
        null,
        null,
        0,
        0
      ],
      "C:/Users/User/OneDrive/Documents/NCSU/ECE517/Project2New/ece517p2/project2_1/app/controllers/admin/users_controller.rb": [
        0,
        0,
        null,
        null,
        null,
        0,
        0,
        0,
        0,
        0,
        0,
        null,
        null,
        null,
        null,
        null,
        null,
        null,
        null,
        null,
        null,
        0,
        0
      ],
      "C:/Users/User/OneDrive/Documents/NCSU/ECE517/Project2New/ece517p2/project2_1/app/controllers/admin/waitlists_controller.rb": [
        0,
        0,
        null,
        null,
        null,
        null,
        null,
        null,
        null,
        null,
        null,
        null,
        null,
        null,
        null,
        null,
        0,
        0,
        0,
        null,
        null,
        null,
        0,
        0
      ],
      "C:/Users/User/OneDrive/Documents/NCSU/ECE517/Project2New/ece517p2/project2_1/app/controllers/application_controller.rb": [
        0,
        null,
        0,
        null,
        0,
        null,
        0,
        null,
        0,
        0,
        0,
        0,
        null,
        null,
        0
      ],
      "C:/Users/User/OneDrive/Documents/NCSU/ECE517/Project2New/ece517p2/project2_1/app/controllers/bookmarks_controller.rb": [
        0,
        null,
        0,
        0,
        null,
        0,
        null,
        0,
        0,
        0,
        0,
        0,
        0,
        0,
        null,
        0,
        null,
        null,
        0,
        0,
        null,
        0,
        null,
        0,
        null,
        0,
        0,
        null,
        0,
        null,
        0,
        null,
        0,
        null,
        0,
        0,
        0,
        null,
        null,
        0,
        null,
        null
      ],
      "C:/Users/User/OneDrive/Documents/NCSU/ECE517/Project2New/ece517p2/project2_1/app/controllers/books_controller.rb": [
        0,
        null,
        null,
        0,
        null,
        0,
        0,
        null,
        0,
        null,
        0,
        null,
        0,
        null,
        0,
        null,
        null,
        0,
        null,
        null,
        0,
        0,
        0,
        0,
        0,
        null,
        null,
        0,
        0,
        0,
        null,
        0,
        0,
        null,
        0,
        null,
        0,
        null,
        null,
        0,
        null,
        null,
        null,
        0,
        0,
        0,
        0,
        null,
        null,
        0,
        null,
        0,
        0,
        null,
        0,
        0,
        0,
        0,
        0,
        0,
        0,
        0,
        0,
        null,
        null,
        0,
        null,
        0,
        null,
        0,
        null,
        0,
        0,
        null,
        0,
        0,
        0,
        null,
        null,
        0,
        null,
        0,
        0,
        0,
        0,
        0,
        null,
        null,
        0,
        0,
        0,
        0,
        0,
        0,
        0,
        0,
        0,
        null,
        null,
        0,
        0,
        0,
        0,
        null,
        0,
        null,
        0,
        null,
        0,
        null,
        0,
        null,
        0,
        0,
        null,
        0,
        null,
        null,
        null,
        0,
        null,
        0,
        null,
        0,
        null,
        0,
        null,
        0,
        null,
        0,
        0,
        null,
        0,
        null,
        0,
        0,
        null,
        0,
        null,
        0,
        null,
        0,
        null,
        0,
        null,
        null,
        0,
        0,
        0,
        null,
        null,
        0,
        null,
        0,
        0,
        null,
        0,
        null,
        0,
        null,
        null,
        0,
        0,
        0,
        0,
        null,
        0,
        null,
        0,
        null,
        0,
        0,
        0,
        null,
        0,
        null,
        0,
        null,
        0,
        null,
        0,
        null,
        0,
        0,
        0,
        null,
        0,
        null,
        null,
        0,
        0,
        null,
        0,
        null,
        0,
        null,
        0,
        null,
        0,
        null,
        0,
        null,
        0,
        null,
        null,
        0,
        null,
        0,
        0,
        null,
        0,
        null,
        0,
        0,
        null,
        0,
        null,
        0,
        null,
        0,
        null,
        0,
        null,
        0,
        0,
        0,
        null,
        0,
        0,
        0,
        0,
        null,
        0,
        null,
        0,
        null,
        0,
        0,
        0,
        null,
        0
      ],
      "C:/Users/User/OneDrive/Documents/NCSU/ECE517/Project2New/ece517p2/project2_1/app/controllers/home_controller.rb": [
        0,
        null,
        0,
        null,
        0,
        null,
        0,
        null,
        0,
        null,
        0,
        null,
        0,
        0,
        null,
        0,
        null,
        0,
        0,
        null,
        0,
        null,
        0,
        0,
        null,
        0,
        null,
        0,
        0,
        0,
        null,
        0
      ],
      "C:/Users/User/OneDrive/Documents/NCSU/ECE517/Project2New/ece517p2/project2_1/app/controllers/photos_controller.rb": [
        0,
        null,
        0,
        0,
        0,
        0,
        null,
        0,
        null,
        0,
        null,
        0,
        null,
        0,
        null,
        0,
        null,
        0,
        null,
        0,
        null,
        0,
        null,
        0,
        0,
        0,
        0,
        0,
        null,
        0,
        0,
        0,
        0,
        0,
        0,
        0,
        0,
        0,
        null,
        0,
        null,
        0,
        null,
        0,
        0,
        null,
        0,
        null,
        0,
        null,
        0,
        null,
        0,
        0,
        null,
        0,
        null,
        0,
        null,
        0,
        null,
        0,
        0,
        0,
        0
      ],
      "C:/Users/User/OneDrive/Documents/NCSU/ECE517/Project2New/ece517p2/project2_1/app/controllers/reviews_controller.rb": [
        0,
        null,
        0,
        null,
        0,
        0,
        0,
        0,
        null,
        0,
        null,
        0,
        0,
        0,
        null,
        0,
        null,
        0,
        0,
        0,
        0,
        null,
        0,
        null,
        0,
        null,
        0,
        0,
        0,
        0,
        0,
        0,
        0,
        0,
        0,
        0,
        0,
        0,
        null,
        0,
        0,
        null,
        0,
        0,
        null,
        0,
        null,
        0,
        0,
        0,
        null,
        0,
        null,
        0,
        null,
        0,
        0,
        0,
        0
      ],
      "C:/Users/User/OneDrive/Documents/NCSU/ECE517/Project2New/ece517p2/project2_1/app/controllers/tours_controller.rb": [
        0,
        0,
        0,
        null,
        null,
        null,
        0,
        0,
        0,
        0,
        0,
        0,
        0,
        null,
        null,
        null,
        null,
        null,
        null,
        null,
        null,
        null,
        null,
        0,
        null,
        null,
        null,
        0,
        null,
        0,
        0,
        null,
        null,
        0,
        0,
        null,
        null,
        null,
        0,
        0,
        null,
        0,
        0,
        null,
        0,
        0,
        null,
        0,
        0,
        null,
        null,
        0,
        null,
        null,
        null,
        0,
        null,
        null,
        0,
        0,
        0,
        null,
        0,
        null,
        null,
        0,
        null,
        null,
        0,
        0,
        null,
        null,
        null,
        0,
        null,
        null,
        0,
        0,
        null,
        0,
        0,
        null,
        null,
        null,
        null,
        null,
        null,
        null,
        null,
        null,
        null,
        null,
        null,
        null,
        null,
        null,
        null,
        0,
        0,
        0,
        0,
        0,
        0,
        0,
        0,
        0,
        null,
        null,
        0,
        null,
        null,
        null,
        0,
        0,
        null,
        0,
        0,
        0,
        null,
        0,
        0,
        0,
        0,
        0,
        null,
        0,
        null,
        null,
        0,
        0,
        0,
        0,
        null,
        0,
        null,
        null,
        0,
        0,
        null,
        0,
        null,
        0,
        0,
        0,
        0,
        null,
        0,
        null,
        null,
        0,
        0,
        null,
        0,
        0,
        null,
        null,
        0,
        0,
        0,
        null,
        null,
        0,
        null,
        0,
        null,
        0,
        null,
        0,
        null,
        null,
        null,
        0,
        0,
        0,
        0,
        0,
        0,
        0,
        0,
        null,
        0,
        null,
        null,
        0,
        0,
        0,
        null,
        null,
        0,
        0,
        0,
        0,
        0,
        0,
        null
      ],
      "C:/Users/User/OneDrive/Documents/NCSU/ECE517/Project2New/ece517p2/project2_1/app/controllers/users/confirmations_controller.rb": [
        null,
        null,
        0,
        null,
        null,
        null,
        null,
        null,
        null,
        null,
        null,
        null,
        null,
        null,
        null,
        null,
        null,
        null,
        null,
        null,
        null,
        null,
        null,
        null,
        null,
        null,
        null,
        null,
        null,
        0
      ],
      "C:/Users/User/OneDrive/Documents/NCSU/ECE517/Project2New/ece517p2/project2_1/app/controllers/users/omniauth_callbacks_controller.rb": [
        null,
        null,
        0,
        null,
        null,
        null,
        0,
        null,
        0,
        null,
        0,
        0,
        0,
        0,
        0,
        0,
        0,
        0,
        null,
        null,
        null,
        null,
        null,
        null,
        null,
        null,
        null,
        null,
        null,
        null,
        null,
        null,
        null,
        null,
        null,
        null,
        null,
        null,
        null,
        null,
        null,
        null,
        null,
        0
      ],
      "C:/Users/User/OneDrive/Documents/NCSU/ECE517/Project2New/ece517p2/project2_1/app/controllers/users/passwords_controller.rb": [
        null,
        null,
        0,
        null,
        null,
        null,
        null,
        null,
        null,
        null,
        null,
        null,
        null,
        null,
        null,
        null,
        null,
        null,
        null,
        null,
        null,
        null,
        null,
        null,
        null,
        null,
        null,
        null,
        null,
        null,
        null,
        null,
        null,
        0
      ],
      "C:/Users/User/OneDrive/Documents/NCSU/ECE517/Project2New/ece517p2/project2_1/app/controllers/users/registrations_controller.rb": [
        null,
        null,
        0,
        0,
        null,
        null,
        null,
        null,
        null,
        null,
        null,
        null,
        null,
        null,
        null,
        null,
        null,
        null,
        null,
        null,
        null,
        null,
        null,
        null,
        null,
        null,
        null,
        null,
        null,
        null,
        null,
        null,
        null,
        null,
        null,
        null,
        null,
        null,
        null,
        null,
        0,
        null,
        null,
        0,
        0,
        0,
        null,
        null,
        null,
        null,
        null,
        null,
        null,
        null,
        null,
        null,
        null,
        null,
        null,
        null,
        null,
        0
      ],
      "C:/Users/User/OneDrive/Documents/NCSU/ECE517/Project2New/ece517p2/project2_1/app/controllers/users/sessions_controller.rb": [
        null,
        null,
        0,
        0,
        null,
        null,
        null,
        null,
        null,
        null,
        null,
        null,
        null,
        null,
        null,
        null,
        null,
        null,
        null,
        null,
        null,
        null,
        null,
        null,
        null,
        null,
        null,
        null,
        0,
        0,
        0,
        0,
        null,
        0,
        0,
        0,
        0,
        0,
        0
      ],
      "C:/Users/User/OneDrive/Documents/NCSU/ECE517/Project2New/ece517p2/project2_1/app/controllers/users/unlocks_controller.rb": [
        null,
        null,
        0,
        null,
        null,
        null,
        null,
        null,
        null,
        null,
        null,
        null,
        null,
        null,
        null,
        null,
        null,
        null,
        null,
        null,
        null,
        null,
        null,
        null,
        null,
        null,
        null,
        null,
        null,
        0
      ],
      "C:/Users/User/OneDrive/Documents/NCSU/ECE517/Project2New/ece517p2/project2_1/app/controllers/waitlists_controller.rb": [
        0,
        null,
        0,
        null,
        0,
        null,
        0,
        null,
        0,
        0,
        null,
        0,
        0,
        null,
        0,
        null,
        0,
        0,
        null,
        0,
        null,
        0,
        null,
        0
      ],
      "C:/Users/User/OneDrive/Documents/NCSU/ECE517/Project2New/ece517p2/project2_1/app/dashboards/book_dashboard.rb": [
        0,
        null,
        0,
        null,
        null,
        null,
        null,
        null,
        null,
        0,
        0,
        0,
        0,
        0,
        0,
        0,
        0,
        0,
        null,
        null,
        null,
        null,
        null,
        null,
        0,
        0,
        0,
        0,
        0,
        0,
        0,
        null,
        null,
        null,
        0,
        0,
        0,
        0,
        0,
        0,
        0,
        null,
        0,
        null,
        null,
        null,
        null,
        0,
        0,
        0,
        0,
        null,
        0,
        null,
        null,
        null,
        null,
        null,
        null,
        null,
        null,
        0
      ],
      "C:/Users/User/OneDrive/Documents/NCSU/ECE517/Project2New/ece517p2/project2_1/app/dashboards/photo_dashboard.rb": [
        0,
        null,
        0,
        null,
        null,
        null,
        null,
        null,
        null,
        0,
        0,
        0,
        0,
        0,
        0,
        0,
        0,
        null,
        null,
        null,
        null,
        null,
        null,
        0,
        0,
        0,
        0,
        0,
        0,
        null,
        null,
        null,
        0,
        0,
        0,
        0,
        0,
        0,
        0,
        0,
        null,
        null,
        null,
        null,
        0,
        0,
        0,
        0,
        0,
        null,
        null,
        null,
        null,
        null,
        null,
        null,
        0
      ],
      "C:/Users/User/OneDrive/Documents/NCSU/ECE517/Project2New/ece517p2/project2_1/app/dashboards/review_dashboard.rb": [
        0,
        null,
        0,
        null,
        null,
        null,
        null,
        null,
        null,
        0,
        0,
        0,
        0,
        0,
        0,
        0,
        0,
        0,
        null,
        null,
        null,
        null,
        null,
        null,
        0,
        0,
        0,
        0,
        0,
        0,
        0,
        null,
        null,
        null,
        0,
        0,
        0,
        0,
        0,
        0,
        0,
        0,
        0,
        null,
        null,
        null,
        null,
        0,
        0,
        0,
        0,
        0,
        0,
        null,
        null,
        null,
        null,
        null,
        null,
        null,
        0
      ],
      "C:/Users/User/OneDrive/Documents/NCSU/ECE517/Project2New/ece517p2/project2_1/app/dashboards/tour_dashboard.rb": [
        0,
        null,
        0,
        null,
        null,
        null,
        null,
        null,
        null,
        0,
        0,
        0,
        0,
        0,
        0,
        null,
        0,
        0,
        0,
        0,
        0,
        0,
        0,
        0,
        0,
        0,
        0,
        0,
        0,
        0,
        0,
        null,
        0,
        null,
        null,
        null,
        null,
        null,
        null,
        0,
        0,
        0,
        0,
        0,
        0,
        0,
        0,
        0,
        null,
        null,
        null,
        0,
        0,
        0,
        0,
        0,
        0,
        0,
        0,
        0,
        0,
        0,
        0,
        null,
        0,
        0,
        0,
        0,
        null,
        0,
        0,
        0,
        0,
        null,
        null,
        null,
        null,
        0,
        0,
        0,
        0,
        0,
        0,
        0,
        0,
        0,
        0,
        0,
        0,
        null,
        null,
        0,
        null,
        null,
        null,
        null,
        0,
        0,
        0,
        null,
        0
      ],
      "C:/Users/User/OneDrive/Documents/NCSU/ECE517/Project2New/ece517p2/project2_1/app/dashboards/user_dashboard.rb": [
        0,
        null,
        0,
        null,
        null,
        null,
        null,
        null,
        null,
        0,
        0,
        0,
        0,
        0,
        0,
        0,
        0,
        0,
        0,
        0,
        0,
        0,
        0,
        0,
        0,
        0,
        null,
        0,
        null,
        null,
        null,
        null,
        null,
        null,
        0,
        0,
        0,
        0,
        0,
        0,
        0,
        null,
        null,
        null,
        0,
        0,
        0,
        0,
        0,
        0,
        0,
        0,
        0,
        0,
        0,
        0,
        null,
        null,
        null,
        null,
        0,
        0,
        0,
        0,
        0,
        0,
        0,
        null,
        null,
        null,
        null,
        0,
        0,
        0,
        null,
        null,
        null,
        null,
        0
      ],
      "C:/Users/User/OneDrive/Documents/NCSU/ECE517/Project2New/ece517p2/project2_1/app/dashboards/waitlist_dashboard.rb": [
        0,
        null,
        0,
        null,
        null,
        null,
        null,
        null,
        null,
        0,
        0,
        0,
        0,
        0,
        0,
        0,
        0,
        null,
        null,
        null,
        null,
        null,
        null,
        0,
        0,
        0,
        0,
        0,
        0,
        0,
        null,
        null,
        null,
        0,
        0,
        0,
        0,
        0,
        0,
        0,
        0,
        null,
        null,
        null,
        null,
        0,
        0,
        0,
        0,
        0,
        null,
        null,
        null,
        null,
        null,
        null,
        null,
        0
      ],
      "C:/Users/User/OneDrive/Documents/NCSU/ECE517/Project2New/ece517p2/project2_1/app/fields/password_field.rb": [
        0,
        null,
        0,
        0,
        null,
        0,
        0
      ],
      "C:/Users/User/OneDrive/Documents/NCSU/ECE517/Project2New/ece517p2/project2_1/app/jobs/application_job.rb": [
        0,
        0
      ],
      "C:/Users/User/OneDrive/Documents/NCSU/ECE517/Project2New/ece517p2/project2_1/app/mailers/application_mailer.rb": [
        0,
        0,
        0,
        0
      ],
      "C:/Users/User/OneDrive/Documents/NCSU/ECE517/Project2New/ece517p2/project2_1/app/mailers/user_mailer.rb": [
        0,
        0,
        null,
        0,
        0,
        0,
        0,
        0
      ],
      "C:/Users/User/OneDrive/Documents/NCSU/ECE517/Project2New/ece517p2/project2_1/app/models/book.rb": [
        0,
        null,
        0,
        0,
        null,
        0,
        0
      ],
      "C:/Users/User/OneDrive/Documents/NCSU/ECE517/Project2New/ece517p2/project2_1/app/models/bookmark.rb": [
        0,
        0,
        0,
        0
      ],
      "C:/Users/User/OneDrive/Documents/NCSU/ECE517/Project2New/ece517p2/project2_1/app/models/concerns/filterable.rb": [
        null,
        null,
        null,
        null,
        null,
        null,
        null,
        null,
        null,
        null,
        null,
        null,
        null
      ],
      "C:/Users/User/OneDrive/Documents/NCSU/ECE517/Project2New/ece517p2/project2_1/app/models/photo.rb": [
        0,
        0,
        0,
        null,
        0,
        0
      ],
      "C:/Users/User/OneDrive/Documents/NCSU/ECE517/Project2New/ece517p2/project2_1/app/models/review.rb": [
        0,
        null,
        0,
        0,
        null,
        0
      ],
      "C:/Users/User/OneDrive/Documents/NCSU/ECE517/Project2New/ece517p2/project2_1/app/models/waitlist.rb": [
        0,
        0,
        0,
        0
      ],
      "C:/Users/User/OneDrive/Documents/NCSU/ECE517/Project2New/ece517p2/project2_1/app/policies/application_policy.rb": [
        0,
        0,
        null,
        0,
        0,
        0,
        0,
        null,
        0,
        0,
        0,
        null,
        0,
        0,
        0,
        null,
        0,
        0,
        0,
        null,
        0,
        0,
        0,
        null,
        0,
        0,
        0,
        null,
        0,
        0,
        0,
        null,
        0,
        0,
        0,
        null,
        0,
        0,
        null,
        0,
        0,
        0,
        0,
        null,
        0,
        0,
        0,
        0,
        0
      ],
      "C:/Users/User/OneDrive/Documents/NCSU/ECE517/Project2New/ece517p2/project2_1/app/policies/bookmark_policy.rb": [
        0,
        null,
        0,
        0,
        0,
        null,
        0,
        0,
        0,
        0,
        null,
        0,
        null,
        0,
        0,
        0,
        0
      ],
      "C:/Users/User/OneDrive/Documents/NCSU/ECE517/Project2New/ece517p2/project2_1/app/policies/book_policy.rb": [
        0,
        0,
        0,
        0,
        null,
        0,
        0,
        0,
        0,
        null,
        0,
        0,
        0,
        0,
        null,
        0,
        0,
        0,
        null,
        0,
        null,
        0,
        0,
        0,
        0
      ],
      "C:/Users/User/OneDrive/Documents/NCSU/ECE517/Project2New/ece517p2/project2_1/app/policies/photo_policy.rb": [
        0,
        0,
        0,
        0,
        null,
        0,
        null,
        0,
        0,
        0,
        null,
        0,
        0,
        0,
        null,
        0,
        null,
        0,
        null,
        0,
        0,
        0,
        0
      ],
      "C:/Users/User/OneDrive/Documents/NCSU/ECE517/Project2New/ece517p2/project2_1/app/policies/review_policy.rb": [
        0,
        0,
        0,
        0,
        null,
        0,
        0,
        0,
        0,
        null,
        0,
        0,
        0,
        0,
        null,
        0,
        0,
        0,
        null,
        0,
        null,
        0,
        null,
        0,
        0,
        0,
        null,
        null,
        null,
        0
      ],
      "C:/Users/User/OneDrive/Documents/NCSU/ECE517/Project2New/ece517p2/project2_1/app/policies/tour_policy.rb": [
        0,
        0,
        0,
        0,
        null,
        0,
        0,
        0,
        null,
        0,
        0,
        0,
        null,
        0,
        null,
        0,
        0,
        0,
        null,
        0,
        null,
        0,
        0,
        0,
        null,
        0,
        null,
        0,
        0,
        0,
        null,
        0,
        0,
        0,
        null,
        0
      ],
      "C:/Users/User/OneDrive/Documents/NCSU/ECE517/Project2New/ece517p2/project2_1/app/policies/waitlist_policy.rb": [
        0,
        0,
        0,
        0,
        null,
        null,
        null,
        null,
        null,
        0,
        0,
        0,
        0,
        null,
        null,
        null,
        null,
        null,
        0,
        null,
        0,
        0,
        0,
        0
      ],
      "C:/Users/User/OneDrive/Documents/NCSU/ECE517/Project2New/ece517p2/project2_1/app/uploaders/image_uploader.rb": [
        0,
        null,
        null,
        null,
        null,
        null,
        0,
        null,
        null,
        null,
        null,
        0,
        0,
        0,
        null,
        null,
        null,
        null,
        null,
        null,
        null,
        null,
        null,
        null,
        null,
        null,
        null,
        null,
        null,
        null,
        null,
        null,
        null,
        null,
        null,
        null,
        null,
        null,
        null,
        null,
        null,
        null,
        null,
        null,
        null,
        null,
        0
      ]
    },
    "timestamp": 1551495648
  }
}
